elk-master2.indices.search.open_contexts 2
elk-master2.indices.merges.current_docs 0
elk-master2.indices.segments.count 21844
elk-master2.indices.indexing.index_current 0
elk-master2.indices.query_cache.hit_count 484192
elk-master2.indices.query_cache.miss_count 1171016
elk-master2.indices.request_cache.hit_count 29174
elk-master2.indices.request_cache.miss_count 184763
elk-master2.process.open_file_descriptors 4442
elk-master2.jvm.mem.heap_used_percent 24
elk-master2.jvm.gc.collectors.young.collection_count 857277
elk-master2.jvm.gc.collectors.young.collection_time_in_millis 29899872
elk-master2.jvm.gc.collectors.old.collection_count 26
elk-master2.jvm.gc.collectors.old.collection_time_in_millis 10530
elk-master2.jvm.threads.count 112
elk-2.indices.search.open_contexts 2
elk-2.indices.merges.current_docs 0
elk-2.indices.segments.count 21652
elk-2.indices.indexing.index_current 0
elk-2.indices.query_cache.hit_count 357459
elk-2.indices.query_cache.miss_count 1116648
elk-2.indices.request_cache.hit_count 103872
elk-2.indices.request_cache.miss_count 135633
elk-2.process.open_file_descriptors 4418
elk-2.jvm.mem.heap_used_percent 51
elk-2.jvm.gc.collectors.young.collection_count 828072
elk-2.jvm.gc.collectors.young.collection_time_in_millis 26307138
elk-2.jvm.gc.collectors.old.collection_count 26
elk-2.jvm.gc.collectors.old.collection_time_in_millis 9405
elk-2.jvm.threads.count 110
elk-4.indices.search.open_contexts 2
elk-4.indices.merges.current_docs 0
elk-4.indices.segments.count 21772
elk-4.indices.indexing.index_current 0
elk-4.indices.query_cache.hit_count 362289
elk-4.indices.query_cache.miss_count 982210
elk-4.indices.request_cache.hit_count 20716
elk-4.indices.request_cache.miss_count 136226
elk-4.process.open_file_descriptors 4407
elk-4.jvm.mem.heap_used_percent 23
elk-4.jvm.gc.collectors.young.collection_count 829411
elk-4.jvm.gc.collectors.young.collection_time_in_millis 23726979
elk-4.jvm.gc.collectors.old.collection_count 26
elk-4.jvm.gc.collectors.old.collection_time_in_millis 8357
elk-4.jvm.threads.count 109
elk-master1.indices.search.open_contexts 2
elk-master1.indices.merges.current_docs 0
elk-master1.indices.segments.count 21892
elk-master1.indices.indexing.index_current 0
elk-master1.indices.query_cache.hit_count 401393
elk-master1.indices.query_cache.miss_count 1175273
elk-master1.indices.request_cache.hit_count 115726
elk-master1.indices.request_cache.miss_count 161552
elk-master1.process.open_file_descriptors 4421
elk-master1.jvm.mem.heap_used_percent 35
elk-master1.jvm.gc.collectors.young.collection_count 859120
elk-master1.jvm.gc.collectors.young.collection_time_in_millis 30766456
elk-master1.jvm.gc.collectors.old.collection_count 40
elk-master1.jvm.gc.collectors.old.collection_time_in_millis 9679
elk-master1.jvm.threads.count 108
elk-3.indices.search.open_contexts 2
elk-3.indices.merges.current_docs 0
elk-3.indices.segments.count 21721
elk-3.indices.indexing.index_current 0
elk-3.indices.query_cache.hit_count 376735
elk-3.indices.query_cache.miss_count 965121
elk-3.indices.request_cache.hit_count 21045
elk-3.indices.request_cache.miss_count 136106
elk-3.process.open_file_descriptors 4562
elk-3.jvm.mem.heap_used_percent 67
elk-3.jvm.gc.collectors.young.collection_count 815935
elk-3.jvm.gc.collectors.young.collection_time_in_millis 25714961
elk-3.jvm.gc.collectors.old.collection_count 24
elk-3.jvm.gc.collectors.old.collection_time_in_millis 8194
elk-3.jvm.threads.count 110
elk-master2.indices.merges.total_docs 17586635
elk-master2.indices.search.query_total 165
elk-master2.indices.indexing.index_total 1251089
elk-master2.indices.indexing.delete_current 0
elk-2.indices.merges.total_docs 18995330
elk-2.indices.search.query_total 373
elk-2.indices.indexing.index_total 1285386
elk-2.indices.indexing.delete_current 0
elk-4.indices.merges.total_docs 19024830
elk-4.indices.search.query_total 1399
elk-4.indices.indexing.index_total 1285192
elk-4.indices.indexing.delete_current 0
elk-master1.indices.merges.total_docs 15342528
elk-master1.indices.search.query_total 373
elk-master1.indices.indexing.index_total 1251430
elk-master1.indices.indexing.delete_current 0
elk-3.indices.merges.total_docs 15013654
elk-3.indices.search.query_total 1397
elk-3.indices.indexing.index_total 1250058
elk-3.indices.indexing.delete_current 0
cluster.status green
